mode: atomic
github.com/g-crypt/g-crypt/g-crypt.go:19.37,22.2 2 26
github.com/g-crypt/g-crypt/g-crypt.go:24.59,25.23 1 17
github.com/g-crypt/g-crypt/g-crypt.go:25.23,27.6 1 2
github.com/g-crypt/g-crypt/g-crypt.go:29.5,32.19 3 15
github.com/g-crypt/g-crypt/g-crypt.go:32.19,34.6 1 1
github.com/g-crypt/g-crypt/g-crypt.go:36.5,38.19 3 14
github.com/g-crypt/g-crypt/g-crypt.go:38.19,40.6 1 1
github.com/g-crypt/g-crypt/g-crypt.go:42.5,52.58 7 13
github.com/g-crypt/g-crypt/g-crypt.go:55.68,56.23 1 12
github.com/g-crypt/g-crypt/g-crypt.go:56.23,58.6 1 1
github.com/g-crypt/g-crypt/g-crypt.go:60.5,63.19 3 11
github.com/g-crypt/g-crypt/g-crypt.go:63.19,65.6 1 1
github.com/g-crypt/g-crypt/g-crypt.go:67.5,68.19 2 10
github.com/g-crypt/g-crypt/g-crypt.go:68.19,70.6 1 1
github.com/g-crypt/g-crypt/g-crypt.go:72.5,72.40 1 9
github.com/g-crypt/g-crypt/g-crypt.go:72.40,74.6 1 2
github.com/g-crypt/g-crypt/g-crypt.go:76.5,79.43 3 7
github.com/g-crypt/g-crypt/g-crypt.go:79.43,81.6 1 1
github.com/g-crypt/g-crypt/g-crypt.go:83.5,89.48 5 6
github.com/g-crypt/g-crypt/g-crypt.go:89.48,91.6 1 3
github.com/g-crypt/g-crypt/g-crypt.go:93.5,93.34 1 3
github.com/g-crypt/g-crypt/g-crypt.go:93.34,94.59 1 21
github.com/g-crypt/g-crypt/g-crypt.go:94.59,96.10 1 0
github.com/g-crypt/g-crypt/g-crypt.go:99.5,99.51 1 3
